# JRE version: Java(TM) SE Runtime Environment (8.0_251-b08) (build 1.8.0_251-b08)
# Java VM: Java HotSpot(TM) 64-Bit Server VM (25.251-b08 mixed mode windows-amd64 compressed oops)
Heap:
 PSYoungGen      total 2795008K, used 192K [0x0000000715580000, 0x00000007c0000000, 0x00000007c0000000)
  eden space 2793984K, 0% used [0x0000000715580000,0x0000000715580000,0x00000007bfe00000)
  from space 1024K, 18% used [0x00000007bff00000,0x00000007bff30000,0x00000007c0000000)
  to   space 1024K, 0% used [0x00000007bfe00000,0x00000007bfe00000,0x00000007bff00000)
 ParOldGen       total 5592576K, used 483332K [0x00000005c0000000, 0x0000000715580000, 0x0000000715580000)
  object space 5592576K, 8% used [0x00000005c0000000,0x00000005dd801018,0x0000000715580000)
 Metaspace       used 90357K, capacity 92082K, committed 92328K, reserved 1128448K
  class space    used 12916K, capacity 13420K, committed 13488K, reserved 1048576K
GC Heap History (10 events):
Event: 15967.638 GC heap after
Heap after GC invocations=60960 (full 30174):
 PSYoungGen      total 2794496K, used 160K [0x0000000715580000, 0x00000007c0000000, 0x00000007c0000000)
  eden space 2792960K, 0% used [0x0000000715580000,0x0000000715580000,0x00000007bfd00000)
  from space 1536K, 10% used [0x00000007bfe80000,0x00000007bfea8000,0x00000007c0000000)
  to   space 1536K, 0% used [0x00000007bfd00000,0x00000007bfd00000,0x00000007bfe80000)
 ParOldGen       total 5592576K, used 483731K [0x00000005c0000000, 0x0000000715580000, 0x0000000715580000)
  object space 5592576K, 8% used [0x00000005c0000000,0x00000005dd864e60,0x0000000715580000)
 Metaspace       used 90357K, capacity 92082K, committed 92328K, reserved 1128448K
  class space    used 12916K, capacity 13420K, committed 13488K, reserved 1048576K
}
Event: 15967.638 GC heap before
{Heap before GC invocations=60961 (full 30175):
 PSYoungGen      total 2794496K, used 160K [0x0000000715580000, 0x00000007c0000000, 0x00000007c0000000)
  eden space 2792960K, 0% used [0x0000000715580000,0x0000000715580000,0x00000007bfd00000)
  from space 1536K, 10% used [0x00000007bfe80000,0x00000007bfea8000,0x00000007c0000000)
  to   space 1536K, 0% used [0x00000007bfd00000,0x00000007bfd00000,0x00000007bfe80000)
 ParOldGen       total 5592576K, used 483731K [0x00000005c0000000, 0x0000000715580000, 0x0000000715580000)
  object space 5592576K, 8% used [0x00000005c0000000,0x00000005dd864e60,0x0000000715580000)
 Metaspace       used 90357K, capacity 92082K, committed 92328K, reserved 1128448K
  class space    used 12916K, capacity 13420K, committed 13488K, reserved 1048576K
Event: 15967.929 GC heap after
Heap after GC invocations=60961 (full 30175):
 PSYoungGen      total 2794496K, used 0K [0x0000000715580000, 0x00000007c0000000, 0x00000007c0000000)
  eden space 2792960K, 0% used [0x0000000715580000,0x0000000715580000,0x00000007bfd00000)
  from space 1536K, 0% used [0x00000007bfe80000,0x00000007bfe80000,0x00000007c0000000)
  to   space 1536K, 0% used [0x00000007bfd00000,0x00000007bfd00000,0x00000007bfe80000)
 ParOldGen       total 5592576K, used 483718K [0x00000005c0000000, 0x0000000715580000, 0x0000000715580000)
  object space 5592576K, 8% used [0x00000005c0000000,0x00000005dd861b30,0x0000000715580000)
 Metaspace       used 90357K, capacity 92082K, committed 92328K, reserved 1128448K
  class space    used 12916K, capacity 13420K, committed 13488K, reserved 1048576K
}
Event: 15968.136 GC heap before
{Heap before GC invocations=60962 (full 30175):
 PSYoungGen      total 2794496K, used 118700K [0x0000000715580000, 0x00000007c0000000, 0x00000007c0000000)
  eden space 2792960K, 4% used [0x0000000715580000,0x000000071c96b3c8,0x00000007bfd00000)
  from space 1536K, 0% used [0x00000007bfe80000,0x00000007bfe80000,0x00000007c0000000)
  to   space 1536K, 0% used [0x00000007bfd00000,0x00000007bfd00000,0x00000007bfe80000)
 ParOldGen       total 5592576K, used 483718K [0x00000005c0000000, 0x0000000715580000, 0x0000000715580000)
  object space 5592576K, 8% used [0x00000005c0000000,0x00000005dd861b30,0x0000000715580000)
 Metaspace       used 90357K, capacity 92082K, committed 92328K, reserved 1128448K
  class space    used 12916K, capacity 13420K, committed 13488K, reserved 1048576K
Event: 15968.141 GC heap after
Heap after GC invocations=60962 (full 30175):
 PSYoungGen      total 2794496K, used 384K [0x0000000715580000, 0x00000007c0000000, 0x00000007c0000000)
  eden space 2792960K, 0% used [0x0000000715580000,0x0000000715580000,0x00000007bfd00000)
  from space 1536K, 25% used [0x00000007bfd00000,0x00000007bfd60000,0x00000007bfe80000)
  to   space 1024K, 0% used [0x00000007bff00000,0x00000007bff00000,0x00000007c0000000)
 ParOldGen       total 5592576K, used 483718K [0x00000005c0000000, 0x0000000715580000, 0x0000000715580000)
  object space 5592576K, 8% used [0x00000005c0000000,0x00000005dd861b30,0x0000000715580000)
 Metaspace       used 90357K, capacity 92082K, committed 92328K, reserved 1128448K
  class space    used 12916K, capacity 13420K, committed 13488K, reserved 1048576K
}
Event: 15968.141 GC heap before
{Heap before GC invocations=60963 (full 30176):
 PSYoungGen      total 2794496K, used 384K [0x0000000715580000, 0x00000007c0000000, 0x00000007c0000000)
  eden space 2792960K, 0% used [0x0000000715580000,0x0000000715580000,0x00000007bfd00000)
  from space 1536K, 25% used [0x00000007bfd00000,0x00000007bfd60000,0x00000007bfe80000)
  to   space 1024K, 0% used [0x00000007bff00000,0x00000007bff00000,0x00000007c0000000)
 ParOldGen       total 5592576K, used 483718K [0x00000005c0000000, 0x0000000715580000, 0x0000000715580000)
  object space 5592576K, 8% used [0x00000005c0000000,0x00000005dd861b30,0x0000000715580000)
 Metaspace       used 90357K, capacity 92082K, committed 92328K, reserved 1128448K
  class space    used 12916K, capacity 13420K, committed 13488K, reserved 1048576K
Event: 15968.447 GC heap after
Heap after GC invocations=60963 (full 30176):
 PSYoungGen      total 2794496K, used 0K [0x0000000715580000, 0x00000007c0000000, 0x00000007c0000000)
  eden space 2792960K, 0% used [0x0000000715580000,0x0000000715580000,0x00000007bfd00000)
  from space 1536K, 0% used [0x00000007bfd00000,0x00000007bfd00000,0x00000007bfe80000)
  to   space 1024K, 0% used [0x00000007bff00000,0x00000007bff00000,0x00000007c0000000)
 ParOldGen       total 5592576K, used 483332K [0x00000005c0000000, 0x0000000715580000, 0x0000000715580000)
  object space 5592576K, 8% used [0x00000005c0000000,0x00000005dd801018,0x0000000715580000)
 Metaspace       used 90357K, capacity 92082K, committed 92328K, reserved 1128448K
  class space    used 12916K, capacity 13420K, committed 13488K, reserved 1048576K
}
Event: 15968.639 GC heap before
{Heap before GC invocations=60964 (full 30176):
 PSYoungGen      total 2794496K, used 114112K [0x0000000715580000, 0x00000007c0000000, 0x00000007c0000000)
  eden space 2792960K, 4% used [0x0000000715580000,0x000000071c4f01f8,0x00000007bfd00000)
  from space 1536K, 0% used [0x00000007bfd00000,0x00000007bfd00000,0x00000007bfe80000)
  to   space 1024K, 0% used [0x00000007bff00000,0x00000007bff00000,0x00000007c0000000)
 ParOldGen       total 5592576K, used 483332K [0x00000005c0000000, 0x0000000715580000, 0x0000000715580000)
  object space 5592576K, 8% used [0x00000005c0000000,0x00000005dd801018,0x0000000715580000)
 Metaspace       used 90357K, capacity 92082K, committed 92328K, reserved 1128448K
  class space    used 12916K, capacity 13420K, committed 13488K, reserved 1048576K
Event: 15968.642 GC heap after
Heap after GC invocations=60964 (full 30176):
 PSYoungGen      total 2795008K, used 192K [0x0000000715580000, 0x00000007c0000000, 0x00000007c0000000)
  eden space 2793984K, 0% used [0x0000000715580000,0x0000000715580000,0x00000007bfe00000)
  from space 1024K, 18% used [0x00000007bff00000,0x00000007bff30000,0x00000007c0000000)
  to   space 1024K, 0% used [0x00000007bfe00000,0x00000007bfe00000,0x00000007bff00000)
 ParOldGen       total 5592576K, used 483332K [0x00000005c0000000, 0x0000000715580000, 0x0000000715580000)
  object space 5592576K, 8% used [0x00000005c0000000,0x00000005dd801018,0x0000000715580000)
 Metaspace       used 90357K, capacity 92082K, committed 92328K, reserved 1128448K
  class space    used 12916K, capacity 13420K, committed 13488K, reserved 1048576K
}
Event: 15968.642 GC heap before
{Heap before GC invocations=60965 (full 30177):
 PSYoungGen      total 2795008K, used 192K [0x0000000715580000, 0x00000007c0000000, 0x00000007c0000000)
  eden space 2793984K, 0% used [0x0000000715580000,0x0000000715580000,0x00000007bfe00000)
  from space 1024K, 18% used [0x00000007bff00000,0x00000007bff30000,0x00000007c0000000)
  to   space 1024K, 0% used [0x00000007bfe00000,0x00000007bfe00000,0x00000007bff00000)
 ParOldGen       total 5592576K, used 483332K [0x00000005c0000000, 0x0000000715580000, 0x0000000715580000)
  object space 5592576K, 8% used [0x00000005c0000000,0x00000005dd801018,0x0000000715580000)
 Metaspace       used 90357K, capacity 92082K, committed 92328K, reserved 1128448K
  class space    used 12916K, capacity 13420K, committed 13488K, reserved 1048576K

